<?xml version="1.0" encoding="UTF-8"?>
<!-- Generated by org.testng.reporters.JUnitXMLReporter -->
<testsuite ignored="0" hostname="DESKTOP-1LBSN3P" failures="2" tests="2" name="Default test" time="0.769" errors="0" timestamp="2024-04-16T16:26:02 IST">
  <testcase classname="io.cucumber.testng.AbstractTestNGCucumberTests" name="runScenario" time="0.37">
    <failure type="java.io.FileNotFoundException" message="C:\Users\Admin\eclipse-workspace\.metadata\SandeepActitme\PraticeSet\FreeCrmBDDCucumbersrc\test\resources\global.properties (The system cannot find the path specified)">
      <![CDATA[java.io.FileNotFoundException: C:\Users\Admin\eclipse-workspace\.metadata\SandeepActitme\PraticeSet\FreeCrmBDDCucumbersrc\test\resources\global.properties (The system cannot find the path specified)
at java.base/java.io.FileInputStream.open0(Native Method)
at java.base/java.io.FileInputStream.open(FileInputStream.java:219)
at java.base/java.io.FileInputStream.<init>(FileInputStream.java:158)
at java.base/java.io.FileInputStream.<init>(FileInputStream.java:112)
at utils.TestBase.webDriverManager(TestBase.java:18)
at stepDefinitions.Hooks.AfterSceanrio(Hooks.java:14)
]]>
    </failure>
  </testcase> <!-- runScenario -->
  <testcase classname="io.cucumber.testng.AbstractTestNGCucumberTests" name="runScenario" time="0.37">
    <failure type="java.io.FileNotFoundException" message="C:\Users\Admin\eclipse-workspace\.metadata\SandeepActitme\PraticeSet\FreeCrmBDDCucumbersrc\test\resources\global.properties (The system cannot find the path specified)">
      <![CDATA[java.io.FileNotFoundException: C:\Users\Admin\eclipse-workspace\.metadata\SandeepActitme\PraticeSet\FreeCrmBDDCucumbersrc\test\resources\global.properties (The system cannot find the path specified)
at java.base/java.io.FileInputStream.open0(Native Method)
at java.base/java.io.FileInputStream.open(FileInputStream.java:219)
at java.base/java.io.FileInputStream.<init>(FileInputStream.java:158)
at java.base/java.io.FileInputStream.<init>(FileInputStream.java:112)
at utils.TestBase.webDriverManager(TestBase.java:18)
at stepDefinitions.Hooks.AfterSceanrio(Hooks.java:14)
]]>
    </failure>
  </testcase> <!-- runScenario -->
</testsuite> <!-- Default test -->
