<?xml version="1.0" encoding="UTF-8"?>
<!-- Generated by org.testng.reporters.JUnitReportReporter -->
<testsuite hostname="DESKTOP-1LBSN3P" failures="0" tests="2" name="cucumberOptions.TestRunner" time="0.740" errors="2" timestamp="2024-04-16T16:26:03 IST" skipped="0">
  <testcase classname="cucumberOptions.TestRunner" name="runScenario" time="0.370">
    <error message="C:\Users\Admin\eclipse-workspace\.metadata\SandeepActitme\PraticeSet\FreeCrmBDDCucumbersrc\test\resources\global.properties (The system cannot find the path specified)" type="java.io.FileNotFoundException">
      <![CDATA[java.io.FileNotFoundException: C:\Users\Admin\eclipse-workspace\.metadata\SandeepActitme\PraticeSet\FreeCrmBDDCucumbersrc\test\resources\global.properties (The system cannot find the path specified)
at java.base/java.io.FileInputStream.open0(Native Method)
at java.base/java.io.FileInputStream.open(FileInputStream.java:219)
at java.base/java.io.FileInputStream.<init>(FileInputStream.java:158)
at java.base/java.io.FileInputStream.<init>(FileInputStream.java:112)
at utils.TestBase.webDriverManager(TestBase.java:18)
at stepDefinitions.Hooks.AfterSceanrio(Hooks.java:14)
]]>
    </error>
  </testcase> <!-- runScenario -->
  <testcase classname="cucumberOptions.TestRunner" name="runScenario" time="0.370">
    <error message="C:\Users\Admin\eclipse-workspace\.metadata\SandeepActitme\PraticeSet\FreeCrmBDDCucumbersrc\test\resources\global.properties (The system cannot find the path specified)" type="java.io.FileNotFoundException">
      <![CDATA[java.io.FileNotFoundException: C:\Users\Admin\eclipse-workspace\.metadata\SandeepActitme\PraticeSet\FreeCrmBDDCucumbersrc\test\resources\global.properties (The system cannot find the path specified)
at java.base/java.io.FileInputStream.open0(Native Method)
at java.base/java.io.FileInputStream.open(FileInputStream.java:219)
at java.base/java.io.FileInputStream.<init>(FileInputStream.java:158)
at java.base/java.io.FileInputStream.<init>(FileInputStream.java:112)
at utils.TestBase.webDriverManager(TestBase.java:18)
at stepDefinitions.Hooks.AfterSceanrio(Hooks.java:14)
]]>
    </error>
  </testcase> <!-- runScenario -->
</testsuite> <!-- cucumberOptions.TestRunner -->
